{"meta": {"format": 3, "version": "7.10.7", "timestamp": "2025-11-18T06:36:42.120631", "branch_coverage": false, "show_contexts": false}, "files": {"src/smartpublisher/__init__.py": {"executed_lines": [1, 16, 17, 18, 19, 20, 22], "summary": {"covered_lines": 6, "num_statements": 6, "percent_covered": 100.0, "percent_covered_display": "100", "missing_lines": 0, "excluded_lines": 0}, "missing_lines": [], "excluded_lines": [], "functions": {"": {"executed_lines": [1, 16, 17, 18, 19, 20, 22], "summary": {"covered_lines": 6, "num_statements": 6, "percent_covered": 100.0, "percent_covered_display": "100", "missing_lines": 0, "excluded_lines": 0}, "missing_lines": [], "excluded_lines": []}}, "classes": {"": {"executed_lines": [1, 16, 17, 18, 19, 20, 22], "summary": {"covered_lines": 6, "num_statements": 6, "percent_covered": 100.0, "percent_covered_display": "100", "missing_lines": 0, "excluded_lines": 0}, "missing_lines": [], "excluded_lines": []}}}, "src/smartpublisher/channels/__init__.py": {"executed_lines": [1, 7, 8, 10], "summary": {"covered_lines": 3, "num_statements": 3, "percent_covered": 100.0, "percent_covered_display": "100", "missing_lines": 0, "excluded_lines": 0}, "missing_lines": [], "excluded_lines": [], "functions": {"": {"executed_lines": [1, 7, 8, 10], "summary": {"covered_lines": 3, "num_statements": 3, "percent_covered": 100.0, "percent_covered_display": "100", "missing_lines": 0, "excluded_lines": 0}, "missing_lines": [], "excluded_lines": []}}, "classes": {"": {"executed_lines": [1, 7, 8, 10], "summary": {"covered_lines": 3, "num_statements": 3, "percent_covered": 100.0, "percent_covered_display": "100", "missing_lines": 0, "excluded_lines": 0}, "missing_lines": [], "excluded_lines": []}}}, "src/smartpublisher/channels/cli.py": {"executed_lines": [1, 11, 12, 16, 17, 26, 27, 35, 37, 39, 40, 42, 43, 66, 67, 75], "summary": {"covered_lines": 14, "num_statements": 83, "percent_covered": 16.867469879518072, "percent_covered_display": "17", "missing_lines": 69, "excluded_lines": 0}, "missing_lines": [18, 19, 20, 22, 23, 53, 55, 56, 57, 59, 60, 61, 64, 69, 87, 88, 91, 93, 94, 95, 96, 99, 100, 101, 102, 103, 105, 106, 107, 108, 111, 112, 115, 116, 118, 119, 120, 121, 124, 126, 127, 130, 133, 134, 135, 137, 138, 139, 142, 143, 144, 145, 147, 149, 150, 151, 153, 155, 156, 157, 158, 161, 163, 171, 174, 175, 177, 178, 179], "excluded_lines": [], "functions": {"PublisherCLI.__init__": {"executed_lines": [39, 40], "summary": {"covered_lines": 2, "num_statements": 2, "percent_covered": 100.0, "percent_covered_display": "100", "missing_lines": 0, "excluded_lines": 0}, "missing_lines": [], "excluded_lines": []}, "PublisherCLI.help": {"executed_lines": [], "summary": {"covered_lines": 0, "num_statements": 8, "percent_covered": 0.0, "percent_covered_display": "0", "missing_lines": 8, "excluded_lines": 0}, "missing_lines": [53, 55, 56, 57, 59, 60, 61, 64], "excluded_lines": []}, "PublisherCLI.version": {"executed_lines": [], "summary": {"covered_lines": 0, "num_statements": 1, "percent_covered": 0.0, "percent_covered_display": "0", "missing_lines": 1, "excluded_lines": 0}, "missing_lines": [69], "excluded_lines": []}, "PublisherCLI.run": {"executed_lines": [], "summary": {"covered_lines": 0, "num_statements": 55, "percent_covered": 0.0, "percent_covered_display": "0", "missing_lines": 55, "excluded_lines": 0}, "missing_lines": [87, 88, 91, 93, 94, 95, 96, 99, 100, 101, 102, 103, 105, 106, 107, 108, 111, 112, 115, 116, 118, 119, 120, 121, 124, 126, 127, 130, 133, 134, 135, 137, 138, 139, 142, 143, 144, 145, 147, 149, 150, 151, 153, 155, 156, 157, 158, 161, 163, 171, 174, 175, 177, 178, 179], "excluded_lines": []}, "": {"executed_lines": [1, 11, 12, 16, 17, 26, 27, 35, 37, 42, 43, 66, 67, 75], "summary": {"covered_lines": 12, "num_statements": 17, "percent_covered": 70.58823529411765, "percent_covered_display": "71", "missing_lines": 5, "excluded_lines": 0}, "missing_lines": [18, 19, 20, 22, 23], "excluded_lines": []}}, "classes": {"PublisherCLI": {"executed_lines": [39, 40], "summary": {"covered_lines": 2, "num_statements": 66, "percent_covered": 3.0303030303030303, "percent_covered_display": "3", "missing_lines": 64, "excluded_lines": 0}, "missing_lines": [53, 55, 56, 57, 59, 60, 61, 64, 69, 87, 88, 91, 93, 94, 95, 96, 99, 100, 101, 102, 103, 105, 106, 107, 108, 111, 112, 115, 116, 118, 119, 120, 121, 124, 126, 127, 130, 133, 134, 135, 137, 138, 139, 142, 143, 144, 145, 147, 149, 150, 151, 153, 155, 156, 157, 158, 161, 163, 171, 174, 175, 177, 178, 179], "excluded_lines": []}, "": {"executed_lines": [1, 11, 12, 16, 17, 26, 27, 35, 37, 42, 43, 66, 67, 75], "summary": {"covered_lines": 12, "num_statements": 17, "percent_covered": 70.58823529411765, "percent_covered_display": "71", "missing_lines": 5, "excluded_lines": 0}, "missing_lines": [18, 19, 20, 22, 23], "excluded_lines": []}}}, "src/smartpublisher/channels/http.py": {"executed_lines": [1, 11, 14, 15, 32, 34, 41, 43, 44, 59, 60, 121, 122, 136, 204], "summary": {"covered_lines": 13, "num_statements": 68, "percent_covered": 19.11764705882353, "percent_covered_display": "19", "missing_lines": 55, "excluded_lines": 0}, "missing_lines": [53, 70, 73, 83, 84, 85, 88, 89, 92, 94, 119, 131, 146, 147, 148, 149, 151, 157, 158, 159, 161, 162, 163, 165, 166, 167, 170, 171, 172, 174, 176, 177, 180, 183, 184, 185, 186, 188, 189, 190, 192, 194, 197, 198, 200, 202, 211, 212, 213, 214, 216, 218, 219, 220, 222], "excluded_lines": [], "functions": {"PublisherHTTP.__init__": {"executed_lines": [41], "summary": {"covered_lines": 1, "num_statements": 1, "percent_covered": 100.0, "percent_covered_display": "100", "missing_lines": 0, "excluded_lines": 0}, "missing_lines": [], "excluded_lines": []}, "PublisherHTTP.health": {"executed_lines": [], "summary": {"covered_lines": 0, "num_statements": 1, "percent_covered": 0.0, "percent_covered_display": "0", "missing_lines": 1, "excluded_lines": 0}, "missing_lines": [53], "excluded_lines": []}, "PublisherHTTP.openapi_schema": {"executed_lines": [], "summary": {"covered_lines": 0, "num_statements": 10, "percent_covered": 0.0, "percent_covered_display": "0", "missing_lines": 10, "excluded_lines": 0}, "missing_lines": [70, 73, 83, 84, 85, 88, 89, 92, 94, 119], "excluded_lines": []}, "PublisherHTTP.metrics": {"executed_lines": [], "summary": {"covered_lines": 0, "num_statements": 1, "percent_covered": 0.0, "percent_covered_display": "0", "missing_lines": 1, "excluded_lines": 0}, "missing_lines": [131], "excluded_lines": []}, "PublisherHTTP.create_fastapi_app": {"executed_lines": [], "summary": {"covered_lines": 0, "num_statements": 24, "percent_covered": 0.0, "percent_covered_display": "0", "missing_lines": 24, "excluded_lines": 0}, "missing_lines": [146, 147, 148, 149, 151, 157, 158, 161, 162, 165, 166, 170, 171, 172, 174, 176, 177, 180, 183, 194, 197, 198, 200, 202], "excluded_lines": []}, "PublisherHTTP.create_fastapi_app.health_endpoint": {"executed_lines": [], "summary": {"covered_lines": 0, "num_statements": 1, "percent_covered": 0.0, "percent_covered_display": "0", "missing_lines": 1, "excluded_lines": 0}, "missing_lines": [159], "excluded_lines": []}, "PublisherHTTP.create_fastapi_app.openapi_endpoint": {"executed_lines": [], "summary": {"covered_lines": 0, "num_statements": 1, "percent_covered": 0.0, "percent_covered_display": "0", "missing_lines": 1, "excluded_lines": 0}, "missing_lines": [163], "excluded_lines": []}, "PublisherHTTP.create_fastapi_app.metrics_endpoint": {"executed_lines": [], "summary": {"covered_lines": 0, "num_statements": 1, "percent_covered": 0.0, "percent_covered_display": "0", "missing_lines": 1, "excluded_lines": 0}, "missing_lines": [167], "excluded_lines": []}, "PublisherHTTP.create_fastapi_app.make_endpoint": {"executed_lines": [], "summary": {"covered_lines": 0, "num_statements": 2, "percent_covered": 0.0, "percent_covered_display": "0", "missing_lines": 2, "excluded_lines": 0}, "missing_lines": [184, 192], "excluded_lines": []}, "PublisherHTTP.create_fastapi_app.make_endpoint.endpoint": {"executed_lines": [], "summary": {"covered_lines": 0, "num_statements": 5, "percent_covered": 0.0, "percent_covered_display": "0", "missing_lines": 5, "excluded_lines": 0}, "missing_lines": [185, 186, 188, 189, 190], "excluded_lines": []}, "PublisherHTTP.run": {"executed_lines": [], "summary": {"covered_lines": 0, "num_statements": 9, "percent_covered": 0.0, "percent_covered_display": "0", "missing_lines": 9, "excluded_lines": 0}, "missing_lines": [211, 212, 213, 214, 216, 218, 219, 220, 222], "excluded_lines": []}, "": {"executed_lines": [1, 11, 14, 15, 32, 34, 43, 44, 59, 60, 121, 122, 136, 204], "summary": {"covered_lines": 12, "num_statements": 12, "percent_covered": 100.0, "percent_covered_display": "100", "missing_lines": 0, "excluded_lines": 0}, "missing_lines": [], "excluded_lines": []}}, "classes": {"PublisherHTTP": {"executed_lines": [41], "summary": {"covered_lines": 1, "num_statements": 56, "percent_covered": 1.7857142857142858, "percent_covered_display": "2", "missing_lines": 55, "excluded_lines": 0}, "missing_lines": [53, 70, 73, 83, 84, 85, 88, 89, 92, 94, 119, 131, 146, 147, 148, 149, 151, 157, 158, 159, 161, 162, 163, 165, 166, 167, 170, 171, 172, 174, 176, 177, 180, 183, 184, 185, 186, 188, 189, 190, 192, 194, 197, 198, 200, 202, 211, 212, 213, 214, 216, 218, 219, 220, 222], "excluded_lines": []}, "": {"executed_lines": [1, 11, 14, 15, 32, 34, 43, 44, 59, 60, 121, 122, 136, 204], "summary": {"covered_lines": 12, "num_statements": 12, "percent_covered": 100.0, "percent_covered_display": "100", "missing_lines": 0, "excluded_lines": 0}, "missing_lines": [], "excluded_lines": []}}}, "src/smartpublisher/cli.py": {"executed_lines": [], "summary": {"covered_lines": 0, "num_statements": 194, "percent_covered": 0.0, "percent_covered_display": "0", "missing_lines": 194, "excluded_lines": 0}, "missing_lines": [13, 14, 18, 19, 20, 21, 22, 23, 24, 25, 32, 35, 36, 46, 47, 49, 50, 51, 52, 53, 54, 55, 56, 57, 60, 61, 62, 63, 64, 65, 66, 69, 76, 86, 87, 88, 89, 90, 92, 95, 96, 97, 100, 101, 102, 103, 104, 106, 107, 108, 109, 110, 113, 114, 116, 118, 120, 122, 123, 124, 128, 129, 130, 131, 132, 133, 136, 137, 138, 140, 141, 142, 143, 144, 145, 146, 147, 148, 151, 158, 167, 169, 170, 172, 175, 176, 177, 178, 179, 180, 181, 184, 185, 187, 189, 194, 195, 196, 197, 198, 199, 200, 201, 202, 204, 205, 206, 207, 208, 209, 211, 212, 214, 215, 216, 217, 218, 219, 222, 223, 226, 227, 229, 230, 231, 234, 235, 242, 252, 254, 255, 257, 258, 259, 262, 263, 264, 265, 266, 267, 268, 271, 272, 279, 287, 289, 290, 292, 293, 294, 297, 298, 299, 300, 301, 304, 306, 353, 356, 357, 358, 361, 362, 365, 366, 367, 370, 371, 372, 375, 376, 377, 378, 380, 381, 383, 384, 385, 386, 387, 388, 389, 391, 392, 395, 397, 399, 400, 401, 405, 406, 407, 410, 411], "excluded_lines": [], "functions": {"OutputFormatter.format": {"executed_lines": [], "summary": {"covered_lines": 0, "num_statements": 19, "percent_covered": 0.0, "percent_covered_display": "0", "missing_lines": 19, "excluded_lines": 0}, "missing_lines": [46, 47, 49, 50, 51, 52, 53, 54, 55, 56, 57, 60, 61, 62, 63, 64, 65, 66, 69], "excluded_lines": []}, "handle_completion": {"executed_lines": [], "summary": {"covered_lines": 0, "num_statements": 46, "percent_covered": 0.0, "percent_covered_display": "0", "missing_lines": 46, "excluded_lines": 0}, "missing_lines": [86, 87, 88, 89, 90, 92, 95, 96, 97, 100, 101, 102, 103, 104, 106, 107, 108, 109, 110, 113, 114, 116, 118, 120, 122, 123, 124, 128, 129, 130, 131, 132, 133, 136, 137, 138, 140, 141, 142, 143, 144, 145, 146, 147, 148, 151], "excluded_lines": []}, "handle_system_command": {"executed_lines": [], "summary": {"covered_lines": 0, "num_statements": 47, "percent_covered": 0.0, "percent_covered_display": "0", "missing_lines": 47, "excluded_lines": 0}, "missing_lines": [167, 169, 170, 172, 175, 176, 177, 178, 179, 180, 181, 184, 185, 187, 189, 194, 195, 196, 197, 198, 199, 200, 201, 202, 204, 205, 206, 207, 208, 209, 211, 212, 214, 215, 216, 217, 218, 219, 222, 223, 226, 227, 229, 230, 231, 234, 235], "excluded_lines": []}, "handle_app_command": {"executed_lines": [], "summary": {"covered_lines": 0, "num_statements": 15, "percent_covered": 0.0, "percent_covered_display": "0", "missing_lines": 15, "excluded_lines": 0}, "missing_lines": [252, 254, 255, 257, 258, 259, 262, 263, 264, 265, 266, 267, 268, 271, 272], "excluded_lines": []}, "handle_serve_command": {"executed_lines": [], "summary": {"covered_lines": 0, "num_statements": 11, "percent_covered": 0.0, "percent_covered_display": "0", "missing_lines": 11, "excluded_lines": 0}, "missing_lines": [287, 289, 290, 292, 293, 294, 297, 298, 299, 300, 301], "excluded_lines": []}, "print_help": {"executed_lines": [], "summary": {"covered_lines": 0, "num_statements": 1, "percent_covered": 0.0, "percent_covered_display": "0", "missing_lines": 1, "excluded_lines": 0}, "missing_lines": [306], "excluded_lines": []}, "main": {"executed_lines": [], "summary": {"covered_lines": 0, "num_statements": 34, "percent_covered": 0.0, "percent_covered_display": "0", "missing_lines": 34, "excluded_lines": 0}, "missing_lines": [356, 357, 358, 361, 362, 365, 366, 367, 370, 371, 372, 375, 376, 377, 378, 380, 381, 383, 384, 385, 386, 387, 388, 389, 391, 392, 395, 397, 399, 400, 401, 405, 406, 407], "excluded_lines": []}, "": {"executed_lines": [], "summary": {"covered_lines": 0, "num_statements": 21, "percent_covered": 0.0, "percent_covered_display": "0", "missing_lines": 21, "excluded_lines": 0}, "missing_lines": [13, 14, 18, 19, 20, 21, 22, 23, 24, 25, 32, 35, 36, 76, 158, 242, 279, 304, 353, 410, 411], "excluded_lines": []}}, "classes": {"OutputFormatter": {"executed_lines": [], "summary": {"covered_lines": 0, "num_statements": 19, "percent_covered": 0.0, "percent_covered_display": "0", "missing_lines": 19, "excluded_lines": 0}, "missing_lines": [46, 47, 49, 50, 51, 52, 53, 54, 55, 56, 57, 60, 61, 62, 63, 64, 65, 66, 69], "excluded_lines": []}, "": {"executed_lines": [], "summary": {"covered_lines": 0, "num_statements": 175, "percent_covered": 0.0, "percent_covered_display": "0", "missing_lines": 175, "excluded_lines": 0}, "missing_lines": [13, 14, 18, 19, 20, 21, 22, 23, 24, 25, 32, 35, 36, 76, 86, 87, 88, 89, 90, 92, 95, 96, 97, 100, 101, 102, 103, 104, 106, 107, 108, 109, 110, 113, 114, 116, 118, 120, 122, 123, 124, 128, 129, 130, 131, 132, 133, 136, 137, 138, 140, 141, 142, 143, 144, 145, 146, 147, 148, 151, 158, 167, 169, 170, 172, 175, 176, 177, 178, 179, 180, 181, 184, 185, 187, 189, 194, 195, 196, 197, 198, 199, 200, 201, 202, 204, 205, 206, 207, 208, 209, 211, 212, 214, 215, 216, 217, 218, 219, 222, 223, 226, 227, 229, 230, 231, 234, 235, 242, 252, 254, 255, 257, 258, 259, 262, 263, 264, 265, 266, 267, 268, 271, 272, 279, 287, 289, 290, 292, 293, 294, 297, 298, 299, 300, 301, 304, 306, 353, 356, 357, 358, 361, 362, 365, 366, 367, 370, 371, 372, 375, 376, 377, 378, 380, 381, 383, 384, 385, 386, 387, 388, 389, 391, 392, 395, 397, 399, 400, 401, 405, 406, 407, 410, 411], "excluded_lines": []}}}, "src/smartpublisher/output_formatter.py": {"executed_lines": [1, 10, 11, 14, 15, 23, 24, 35, 36, 37, 39, 40, 50, 51, 53, 55, 56, 57, 58, 59, 60, 61, 64, 66, 67, 77, 78, 79, 80, 81, 83, 85, 86, 96, 98, 99, 100, 102, 103, 104, 105, 107, 108, 110, 111, 113, 115], "summary": {"covered_lines": 45, "num_statements": 45, "percent_covered": 100.0, "percent_covered_display": "100", "missing_lines": 0, "excluded_lines": 0}, "missing_lines": [], "excluded_lines": [], "functions": {"OutputFormatter.format_json": {"executed_lines": [35, 36, 37], "summary": {"covered_lines": 3, "num_statements": 3, "percent_covered": 100.0, "percent_covered_display": "100", "missing_lines": 0, "excluded_lines": 0}, "missing_lines": [], "excluded_lines": []}, "OutputFormatter.format_table": {"executed_lines": [50, 51, 53, 55, 56, 57, 58, 59, 60, 61, 64], "summary": {"covered_lines": 11, "num_statements": 11, "percent_covered": 100.0, "percent_covered_display": "100", "missing_lines": 0, "excluded_lines": 0}, "missing_lines": [], "excluded_lines": []}, "OutputFormatter.format_error": {"executed_lines": [77, 78, 79, 80, 81, 83], "summary": {"covered_lines": 6, "num_statements": 6, "percent_covered": 100.0, "percent_covered_display": "100", "missing_lines": 0, "excluded_lines": 0}, "missing_lines": [], "excluded_lines": []}, "OutputFormatter.format_help": {"executed_lines": [96, 98, 99, 100, 102, 103, 104, 105, 107, 108, 110, 111, 113, 115], "summary": {"covered_lines": 14, "num_statements": 14, "percent_covered": 100.0, "percent_covered_display": "100", "missing_lines": 0, "excluded_lines": 0}, "missing_lines": [], "excluded_lines": []}, "": {"executed_lines": [1, 10, 11, 14, 15, 23, 24, 39, 40, 66, 67, 85, 86], "summary": {"covered_lines": 11, "num_statements": 11, "percent_covered": 100.0, "percent_covered_display": "100", "missing_lines": 0, "excluded_lines": 0}, "missing_lines": [], "excluded_lines": []}}, "classes": {"OutputFormatter": {"executed_lines": [35, 36, 37, 50, 51, 53, 55, 56, 57, 58, 59, 60, 61, 64, 77, 78, 79, 80, 81, 83, 96, 98, 99, 100, 102, 103, 104, 105, 107, 108, 110, 111, 113, 115], "summary": {"covered_lines": 34, "num_statements": 34, "percent_covered": 100.0, "percent_covered_display": "100", "missing_lines": 0, "excluded_lines": 0}, "missing_lines": [], "excluded_lines": []}, "": {"executed_lines": [1, 10, 11, 14, 15, 23, 24, 39, 40, 66, 67, 85, 86], "summary": {"covered_lines": 11, "num_statements": 11, "percent_covered": 100.0, "percent_covered_display": "100", "missing_lines": 0, "excluded_lines": 0}, "missing_lines": [], "excluded_lines": []}}}, "src/smartpublisher/published.py": {"executed_lines": [1, 14, 18, 19, 24, 25, 39, 41, 47, 50, 53, 56, 57, 59, 62, 65, 68, 69, 71, 84, 88, 89, 92, 99, 100, 101, 103, 105, 107, 116, 118, 127, 132, 141], "summary": {"covered_lines": 32, "num_statements": 34, "percent_covered": 94.11764705882354, "percent_covered_display": "94", "missing_lines": 2, "excluded_lines": 0}, "missing_lines": [20, 21], "excluded_lines": [], "functions": {"PublishedClass.__init__": {"executed_lines": [47, 50, 53, 56, 57], "summary": {"covered_lines": 5, "num_statements": 5, "percent_covered": 100.0, "percent_covered_display": "100", "missing_lines": 0, "excluded_lines": 0}, "missing_lines": [], "excluded_lines": []}, "PublishedClass._init_system_commands": {"executed_lines": [62, 65, 68, 69], "summary": {"covered_lines": 4, "num_statements": 4, "percent_covered": 100.0, "percent_covered_display": "100", "missing_lines": 0, "excluded_lines": 0}, "missing_lines": [], "excluded_lines": []}, "PublishedClass.publish": {"executed_lines": [84, 88, 89, 92, 99, 100, 101, 103, 105], "summary": {"covered_lines": 9, "num_statements": 9, "percent_covered": 100.0, "percent_covered_display": "100", "missing_lines": 0, "excluded_lines": 0}, "missing_lines": [], "excluded_lines": []}, "PublishedClass._set_publisher": {"executed_lines": [116], "summary": {"covered_lines": 1, "num_statements": 1, "percent_covered": 100.0, "percent_covered_display": "100", "missing_lines": 0, "excluded_lines": 0}, "missing_lines": [], "excluded_lines": []}, "PublishedClass.smpub_on_add": {"executed_lines": [127], "summary": {"covered_lines": 1, "num_statements": 1, "percent_covered": 100.0, "percent_covered_display": "100", "missing_lines": 0, "excluded_lines": 0}, "missing_lines": [], "excluded_lines": []}, "PublishedClass.smpub_on_remove": {"executed_lines": [141], "summary": {"covered_lines": 1, "num_statements": 1, "percent_covered": 100.0, "percent_covered_display": "100", "missing_lines": 0, "excluded_lines": 0}, "missing_lines": [], "excluded_lines": []}, "": {"executed_lines": [1, 14, 18, 19, 24, 25, 39, 41, 59, 71, 107, 118, 132], "summary": {"covered_lines": 11, "num_statements": 13, "percent_covered": 84.61538461538461, "percent_covered_display": "85", "missing_lines": 2, "excluded_lines": 0}, "missing_lines": [20, 21], "excluded_lines": []}}, "classes": {"PublishedClass": {"executed_lines": [47, 50, 53, 56, 57, 62, 65, 68, 69, 84, 88, 89, 92, 99, 100, 101, 103, 105, 116, 127, 141], "summary": {"covered_lines": 21, "num_statements": 21, "percent_covered": 100.0, "percent_covered_display": "100", "missing_lines": 0, "excluded_lines": 0}, "missing_lines": [], "excluded_lines": []}, "": {"executed_lines": [1, 14, 18, 19, 24, 25, 39, 41, 59, 71, 107, 118, 132], "summary": {"covered_lines": 11, "num_statements": 13, "percent_covered": 84.61538461538461, "percent_covered_display": "85", "missing_lines": 2, "excluded_lines": 0}, "missing_lines": [20, 21], "excluded_lines": []}}}, "src/smartpublisher/publisher.py": {"executed_lines": [1, 12, 16, 17, 18, 19, 26, 27, 39, 48, 49, 50, 51, 53, 56, 63, 66, 68, 79, 80, 83, 86, 87, 90, 91, 95, 97, 99, 109, 110, 114, 117, 118, 122, 124, 129, 142, 144, 152, 154, 164, 177, 180, 192, 193, 195], "summary": {"covered_lines": 44, "num_statements": 52, "percent_covered": 84.61538461538461, "percent_covered_display": "85", "missing_lines": 8, "excluded_lines": 0}, "missing_lines": [20, 21, 22, 23, 161, 162, 172, 173], "excluded_lines": [], "functions": {"Publisher.__init__": {"executed_lines": [48, 49, 50, 51, 53, 56, 63, 66], "summary": {"covered_lines": 8, "num_statements": 8, "percent_covered": 100.0, "percent_covered_display": "100", "missing_lines": 0, "excluded_lines": 0}, "missing_lines": [], "excluded_lines": []}, "Publisher.load_app": {"executed_lines": [79, 80, 83, 86, 87, 90, 91, 95, 97], "summary": {"covered_lines": 9, "num_statements": 9, "percent_covered": 100.0, "percent_covered_display": "100", "missing_lines": 0, "excluded_lines": 0}, "missing_lines": [], "excluded_lines": []}, "Publisher.unload_app": {"executed_lines": [109, 110, 114, 117, 118, 122, 124], "summary": {"covered_lines": 7, "num_statements": 7, "percent_covered": 100.0, "percent_covered_display": "100", "missing_lines": 0, "excluded_lines": 0}, "missing_lines": [], "excluded_lines": []}, "Publisher.get_channel": {"executed_lines": [142], "summary": {"covered_lines": 1, "num_statements": 1, "percent_covered": 100.0, "percent_covered_display": "100", "missing_lines": 0, "excluded_lines": 0}, "missing_lines": [], "excluded_lines": []}, "Publisher.add_channel": {"executed_lines": [152], "summary": {"covered_lines": 1, "num_statements": 1, "percent_covered": 100.0, "percent_covered_display": "100", "missing_lines": 0, "excluded_lines": 0}, "missing_lines": [], "excluded_lines": []}, "Publisher.run_cli": {"executed_lines": [], "summary": {"covered_lines": 0, "num_statements": 2, "percent_covered": 0.0, "percent_covered_display": "0", "missing_lines": 2, "excluded_lines": 0}, "missing_lines": [161, 162], "excluded_lines": []}, "Publisher.run_http": {"executed_lines": [], "summary": {"covered_lines": 0, "num_statements": 2, "percent_covered": 0.0, "percent_covered_display": "0", "missing_lines": 2, "excluded_lines": 0}, "missing_lines": [172, 173], "excluded_lines": []}, "get_publisher": {"executed_lines": [192, 193, 195], "summary": {"covered_lines": 3, "num_statements": 3, "percent_covered": 100.0, "percent_covered_display": "100", "missing_lines": 0, "excluded_lines": 0}, "missing_lines": [], "excluded_lines": []}, "": {"executed_lines": [1, 12, 16, 17, 18, 19, 26, 27, 39, 68, 99, 129, 144, 154, 164, 177, 180], "summary": {"covered_lines": 15, "num_statements": 19, "percent_covered": 78.94736842105263, "percent_covered_display": "79", "missing_lines": 4, "excluded_lines": 0}, "missing_lines": [20, 21, 22, 23], "excluded_lines": []}}, "classes": {"Publisher": {"executed_lines": [48, 49, 50, 51, 53, 56, 63, 66, 79, 80, 83, 86, 87, 90, 91, 95, 97, 109, 110, 114, 117, 118, 122, 124, 142, 152], "summary": {"covered_lines": 26, "num_statements": 30, "percent_covered": 86.66666666666667, "percent_covered_display": "87", "missing_lines": 4, "excluded_lines": 0}, "missing_lines": [161, 162, 172, 173], "excluded_lines": []}, "": {"executed_lines": [1, 12, 16, 17, 18, 19, 26, 27, 39, 68, 99, 129, 144, 154, 164, 177, 180, 192, 193, 195], "summary": {"covered_lines": 18, "num_statements": 22, "percent_covered": 81.81818181818181, "percent_covered_display": "82", "missing_lines": 4, "excluded_lines": 0}, "missing_lines": [20, 21, 22, 23], "excluded_lines": []}}}, "src/smartpublisher/registry.py": {"executed_lines": [1, 13, 14, 15, 16, 19, 20, 33, 35, 42, 43, 45, 47, 48, 50, 51, 53, 55, 56, 57, 59, 60, 74, 75, 76, 82, 87, 89, 97, 98, 108, 109, 115, 116, 117, 119, 125, 126, 133, 138, 139, 149, 150, 156, 161, 177, 178, 179, 214, 216, 217, 220, 222, 223, 226], "summary": {"covered_lines": 53, "num_statements": 74, "percent_covered": 71.62162162162163, "percent_covered_display": "72", "missing_lines": 21, "excluded_lines": 0}, "missing_lines": [184, 185, 188, 189, 192, 193, 194, 195, 196, 201, 202, 203, 204, 209, 242, 243, 244, 247, 248, 249, 252], "excluded_lines": [], "functions": {"AppRegistry.__init__": {"executed_lines": [42, 43], "summary": {"covered_lines": 2, "num_statements": 2, "percent_covered": 100.0, "percent_covered_display": "100", "missing_lines": 0, "excluded_lines": 0}, "missing_lines": [], "excluded_lines": []}, "AppRegistry._load": {"executed_lines": [47, 48, 50, 51], "summary": {"covered_lines": 4, "num_statements": 4, "percent_covered": 100.0, "percent_covered_display": "100", "missing_lines": 0, "excluded_lines": 0}, "missing_lines": [], "excluded_lines": []}, "AppRegistry._save": {"executed_lines": [55, 56, 57], "summary": {"covered_lines": 3, "num_statements": 3, "percent_covered": 100.0, "percent_covered_display": "100", "missing_lines": 0, "excluded_lines": 0}, "missing_lines": [], "excluded_lines": []}, "AppRegistry.add": {"executed_lines": [74, 75, 76, 82, 87, 89], "summary": {"covered_lines": 6, "num_statements": 6, "percent_covered": 100.0, "percent_covered_display": "100", "missing_lines": 0, "excluded_lines": 0}, "missing_lines": [], "excluded_lines": []}, "AppRegistry.remove": {"executed_lines": [108, 109, 115, 116, 117, 119], "summary": {"covered_lines": 6, "num_statements": 6, "percent_covered": 100.0, "percent_covered_display": "100", "missing_lines": 0, "excluded_lines": 0}, "missing_lines": [], "excluded_lines": []}, "AppRegistry.list": {"executed_lines": [133], "summary": {"covered_lines": 1, "num_statements": 1, "percent_covered": 100.0, "percent_covered_display": "100", "missing_lines": 0, "excluded_lines": 0}, "missing_lines": [], "excluded_lines": []}, "AppRegistry.getapp": {"executed_lines": [149, 150, 156], "summary": {"covered_lines": 3, "num_statements": 3, "percent_covered": 100.0, "percent_covered_display": "100", "missing_lines": 0, "excluded_lines": 0}, "missing_lines": [], "excluded_lines": []}, "AppRegistry.load": {"executed_lines": [177, 178, 179], "summary": {"covered_lines": 3, "num_statements": 17, "percent_covered": 17.647058823529413, "percent_covered_display": "18", "missing_lines": 14, "excluded_lines": 0}, "missing_lines": [184, 185, 188, 189, 192, 193, 194, 195, 196, 201, 202, 203, 204, 209], "excluded_lines": []}, "get_local_registry": {"executed_lines": [216, 217], "summary": {"covered_lines": 2, "num_statements": 2, "percent_covered": 100.0, "percent_covered_display": "100", "missing_lines": 0, "excluded_lines": 0}, "missing_lines": [], "excluded_lines": []}, "get_global_registry": {"executed_lines": [222, 223], "summary": {"covered_lines": 2, "num_statements": 2, "percent_covered": 100.0, "percent_covered_display": "100", "missing_lines": 0, "excluded_lines": 0}, "missing_lines": [], "excluded_lines": []}, "discover_app": {"executed_lines": [], "summary": {"covered_lines": 0, "num_statements": 7, "percent_covered": 0.0, "percent_covered_display": "0", "missing_lines": 7, "excluded_lines": 0}, "missing_lines": [242, 243, 244, 247, 248, 249, 252], "excluded_lines": []}, "": {"executed_lines": [1, 13, 14, 15, 16, 19, 20, 33, 35, 45, 53, 59, 60, 97, 98, 125, 126, 138, 139, 161, 214, 220, 226], "summary": {"covered_lines": 21, "num_statements": 21, "percent_covered": 100.0, "percent_covered_display": "100", "missing_lines": 0, "excluded_lines": 0}, "missing_lines": [], "excluded_lines": []}}, "classes": {"AppRegistry": {"executed_lines": [42, 43, 47, 48, 50, 51, 55, 56, 57, 74, 75, 76, 82, 87, 89, 108, 109, 115, 116, 117, 119, 133, 149, 150, 156, 177, 178, 179], "summary": {"covered_lines": 28, "num_statements": 42, "percent_covered": 66.66666666666667, "percent_covered_display": "67", "missing_lines": 14, "excluded_lines": 0}, "missing_lines": [184, 185, 188, 189, 192, 193, 194, 195, 196, 201, 202, 203, 204, 209], "excluded_lines": []}, "": {"executed_lines": [1, 13, 14, 15, 16, 19, 20, 33, 35, 45, 53, 59, 60, 97, 98, 125, 126, 138, 139, 161, 214, 216, 217, 220, 222, 223, 226], "summary": {"covered_lines": 25, "num_statements": 32, "percent_covered": 78.125, "percent_covered_display": "78", "missing_lines": 7, "excluded_lines": 0}, "missing_lines": [242, 243, 244, 247, 248, 249, 252], "excluded_lines": []}}}, "src/smartpublisher/system_commands.py": {"executed_lines": [1, 10, 13, 14, 21, 23, 30, 32, 33, 40, 41, 42, 48, 49, 50, 54, 56, 61, 62, 72, 73, 78, 81, 82, 83, 85, 92, 93, 100], "summary": {"covered_lines": 27, "num_statements": 28, "percent_covered": 96.42857142857143, "percent_covered_display": "96", "missing_lines": 1, "excluded_lines": 0}, "missing_lines": [52], "excluded_lines": [], "functions": {"SystemCommands.__init__": {"executed_lines": [30], "summary": {"covered_lines": 1, "num_statements": 1, "percent_covered": 100.0, "percent_covered_display": "100", "missing_lines": 0, "excluded_lines": 0}, "missing_lines": [], "excluded_lines": []}, "SystemCommands.list_handlers": {"executed_lines": [40, 41, 42, 48, 49, 50, 54, 56], "summary": {"covered_lines": 8, "num_statements": 9, "percent_covered": 88.88888888888889, "percent_covered_display": "89", "missing_lines": 1, "excluded_lines": 0}, "missing_lines": [52], "excluded_lines": []}, "SystemCommands.get_handler_info": {"executed_lines": [72, 73, 78, 81, 82, 83, 85], "summary": {"covered_lines": 7, "num_statements": 7, "percent_covered": 100.0, "percent_covered_display": "100", "missing_lines": 0, "excluded_lines": 0}, "missing_lines": [], "excluded_lines": []}, "SystemCommands.get_api_tree": {"executed_lines": [100], "summary": {"covered_lines": 1, "num_statements": 1, "percent_covered": 100.0, "percent_covered_display": "100", "missing_lines": 0, "excluded_lines": 0}, "missing_lines": [], "excluded_lines": []}, "": {"executed_lines": [1, 10, 13, 14, 21, 23, 32, 33, 61, 62, 92, 93], "summary": {"covered_lines": 10, "num_statements": 10, "percent_covered": 100.0, "percent_covered_display": "100", "missing_lines": 0, "excluded_lines": 0}, "missing_lines": [], "excluded_lines": []}}, "classes": {"SystemCommands": {"executed_lines": [30, 40, 41, 42, 48, 49, 50, 54, 56, 72, 73, 78, 81, 82, 83, 85, 100], "summary": {"covered_lines": 17, "num_statements": 18, "percent_covered": 94.44444444444444, "percent_covered_display": "94", "missing_lines": 1, "excluded_lines": 0}, "missing_lines": [52], "excluded_lines": []}, "": {"executed_lines": [1, 10, 13, 14, 21, 23, 32, 33, 61, 62, 92, 93], "summary": {"covered_lines": 10, "num_statements": 10, "percent_covered": 100.0, "percent_covered_display": "100", "missing_lines": 0, "excluded_lines": 0}, "missing_lines": [], "excluded_lines": []}}}}, "totals": {"covered_lines": 237, "num_statements": 587, "percent_covered": 40.3747870528109, "percent_covered_display": "40", "missing_lines": 350, "excluded_lines": 0}}